0 info it worked if it ends with ok
1 verbose cli [ 'C:\\Program Files\\nodejs\\\\node.exe',
1 verbose cli   'C:\\Program Files\\nodejs\\node_modules\\npm\\bin\\npm-cli.js',
1 verbose cli   'install',
1 verbose cli   'grunt-karma.js' ]
2 info using npm@1.4.28
3 info using node@v0.10.35
4 verbose node symlink C:\Program Files\nodejs\\node.exe
5 warn package.json demo-app-bootstrap-dictionary-web@0.0.1 No repository field.
6 warn package.json demo-app-bootstrap-dictionary-web@0.0.1 No README data
7 verbose readDependencies using package.json deps
8 verbose cache add [ 'grunt-karma.js', null ]
9 verbose cache add name=undefined spec="grunt-karma.js" args=["grunt-karma.js",null]
10 verbose parsed url { protocol: null,
10 verbose parsed url   slashes: null,
10 verbose parsed url   auth: null,
10 verbose parsed url   host: null,
10 verbose parsed url   port: null,
10 verbose parsed url   hostname: null,
10 verbose parsed url   hash: null,
10 verbose parsed url   search: null,
10 verbose parsed url   query: null,
10 verbose parsed url   pathname: 'grunt-karma.js',
10 verbose parsed url   path: 'grunt-karma.js',
10 verbose parsed url   href: 'grunt-karma.js' }
11 silly lockFile 7fd83d52-grunt-karma-js grunt-karma.js
12 verbose lock grunt-karma.js C:\Users\mihaela.petre\AppData\Roaming\npm-cache\7fd83d52-grunt-karma-js.lock
13 silly lockFile 7fd83d52-grunt-karma-js grunt-karma.js
14 silly lockFile 7fd83d52-grunt-karma-js grunt-karma.js
15 verbose addNamed [ 'grunt-karma.js', '' ]
16 verbose addNamed [ null, '*' ]
17 silly lockFile 388e7572-grunt-karma-js grunt-karma.js@
18 verbose lock grunt-karma.js@ C:\Users\mihaela.petre\AppData\Roaming\npm-cache\388e7572-grunt-karma-js.lock
19 silly addNameRange { name: 'grunt-karma.js', range: '*', hasData: false }
20 verbose request where is /grunt-karma.js
21 verbose request registry https://registry.npmjs.org/
22 verbose request id 8a04a3d5d92f8a13
23 verbose url raw /grunt-karma.js
24 verbose url resolving [ 'https://registry.npmjs.org/', './grunt-karma.js' ]
25 verbose url resolved https://registry.npmjs.org/grunt-karma.js
26 verbose request where is https://registry.npmjs.org/grunt-karma.js
27 info trying registry request attempt 1 at 12:51:02
28 http GET https://registry.npmjs.org/grunt-karma.js
29 http 404 https://registry.npmjs.org/grunt-karma.js
30 verbose headers { date: 'Fri, 06 Feb 2015 10:51:02 GMT',
30 verbose headers   server: 'CouchDB/1.5.0 (Erlang OTP/R16B03)',
30 verbose headers   'content-type': 'application/json',
30 verbose headers   'cache-control': 'max-age=0',
30 verbose headers   'content-length': '52',
30 verbose headers   'accept-ranges': 'bytes',
30 verbose headers   via: '1.1 varnish',
30 verbose headers   age: '0',
30 verbose headers   'x-served-by': 'cache-fra1235-FRA',
30 verbose headers   'x-cache': 'MISS',
30 verbose headers   'x-cache-hits': '0',
30 verbose headers   'x-timer': 'S1423219862.276844,VS0,VE702',
30 verbose headers   'keep-alive': 'timeout=10, max=50',
30 verbose headers   connection: 'Keep-Alive' }
31 silly registry.get cb [ 404,
31 silly registry.get   { date: 'Fri, 06 Feb 2015 10:51:02 GMT',
31 silly registry.get     server: 'CouchDB/1.5.0 (Erlang OTP/R16B03)',
31 silly registry.get     'content-type': 'application/json',
31 silly registry.get     'cache-control': 'max-age=0',
31 silly registry.get     'content-length': '52',
31 silly registry.get     'accept-ranges': 'bytes',
31 silly registry.get     via: '1.1 varnish',
31 silly registry.get     age: '0',
31 silly registry.get     'x-served-by': 'cache-fra1235-FRA',
31 silly registry.get     'x-cache': 'MISS',
31 silly registry.get     'x-cache-hits': '0',
31 silly registry.get     'x-timer': 'S1423219862.276844,VS0,VE702',
31 silly registry.get     'keep-alive': 'timeout=10, max=50',
31 silly registry.get     connection: 'Keep-Alive' } ]
32 silly lockFile 388e7572-grunt-karma-js grunt-karma.js@
33 silly lockFile 388e7572-grunt-karma-js grunt-karma.js@
34 error 404 404 Not Found: grunt-karma.js
34 error 404
34 error 404 'grunt-karma.js' is not in the npm registry.
34 error 404 You should bug the author to publish it
34 error 404 It was specified as a dependency of 'demo-app-bootstrap-dictionary-web'
34 error 404
34 error 404 Maybe try 'npm search grunt karma'
34 error 404
34 error 404 Note that you can also install from a
34 error 404 tarball, folder, or http url, or git url.
35 error System Windows_NT 6.2.9200
36 error command "C:\\Program Files\\nodejs\\\\node.exe" "C:\\Program Files\\nodejs\\node_modules\\npm\\bin\\npm-cli.js" "install" "grunt-karma.js"
37 error cwd D:\JavaProjects\JavaComponents\app-bootstrap-dictionary-web\demo
38 error node -v v0.10.35
39 error npm -v 1.4.28
40 error code E404
41 verbose exit [ 1, true ]
